TN:
SF:src\services\Orphanage\CreateOrphanageService.ts
FN:54,Object.<anonymous>
FN:54,Object.<anonymous>.__awaiter
FN:54,adopt
FN:54,fulfilled
FN:54,rejected
FN:54,step
FN:54,Object.<anonymous>.__generator
FN:54,sent
FN:54,g.<computed>
FN:54,verb
FN:54,step
FN:20,CreateOrphanageService
FN:22,Object.<anonymous>.CreateOrphanageService.execute
FNF:13
FNH:11
FNDA:1,Object.<anonymous>
FNDA:3,Object.<anonymous>.__awaiter
FNDA:5,adopt
FNDA:5,fulfilled
FNDA:0,rejected
FNDA:7,step
FNDA:3,Object.<anonymous>.__generator
FNDA:5,sent
FNDA:0,g.<computed>
FNDA:9,verb
FNDA:8,step
FNDA:2,CreateOrphanageService
FNDA:3,Object.<anonymous>.CreateOrphanageService.execute
DA:1,1
DA:2,1
DA:3,1
DA:4,1
DA:5,1
DA:6,1
DA:7,1
DA:8,1
DA:9,1
DA:10,1
DA:11,1
DA:12,1
DA:13,1
DA:14,1
DA:15,1
DA:16,1
DA:17,1
DA:18,1
DA:19,1
DA:20,1
DA:21,1
DA:22,1
DA:23,3
DA:24,3
DA:25,3
DA:26,3
DA:27,3
DA:28,3
DA:29,3
DA:30,3
DA:31,3
DA:32,3
DA:33,3
DA:34,3
DA:35,3
DA:36,3
DA:37,1
DA:38,1
DA:39,2
DA:40,2
DA:41,2
DA:42,2
DA:43,2
DA:44,2
DA:45,2
DA:46,2
DA:47,2
DA:48,2
DA:49,2
DA:50,3
DA:51,3
DA:52,1
DA:53,1
DA:54,1
LF:54
LH:54
BRDA:54,0,0,1
BRDA:54,1,0,1
BRDA:54,2,0,3
BRDA:54,3,0,5
BRDA:54,4,0,0
BRDA:54,5,0,3
BRDA:54,6,0,5
BRDA:54,7,0,4
BRDA:54,8,0,1
BRDA:54,9,0,7
BRDA:54,10,0,2
BRDA:54,11,0,5
BRDA:54,12,0,3
BRDA:54,13,0,5
BRDA:54,14,0,0
BRDA:54,15,0,9
BRDA:54,16,0,8
BRDA:54,17,0,8
BRDA:54,18,0,0
BRDA:54,19,0,16
BRDA:54,20,0,0
BRDA:54,21,0,0
BRDA:54,22,0,0
BRDA:54,23,0,0
BRDA:54,24,0,8
BRDA:54,25,0,8
BRDA:54,26,0,5
BRDA:54,27,0,0
BRDA:54,28,0,0
BRDA:54,29,0,3
BRDA:54,30,0,0
BRDA:54,31,0,2
BRDA:54,32,0,0
BRDA:54,33,0,0
BRDA:54,34,0,0
BRDA:54,35,0,0
BRDA:54,36,0,8
BRDA:54,37,0,7
BRDA:54,38,0,1
BRDA:54,39,0,8
BRDA:54,40,0,3
BRDA:54,41,0,1
BRDA:54,42,0,2
BRDA:54,43,0,0
BRDA:19,44,0,1
BRDA:20,45,0,2
BRDA:22,46,0,3
BRDA:54,47,0,3
BRDA:54,48,0,8
BRDA:32,49,0,3
BRDA:54,50,0,3
BRDA:36,51,0,1
BRDA:38,52,0,2
BRDA:54,53,0,2
BRF:54
BRH:39
end_of_record
TN:
SF:src\services\Orphanage\ListOrphanagesService.ts
FN:1,(empty-report)
FNF:1
FNH:0
FNDA:0,(empty-report)
DA:1,0
DA:2,0
DA:3,0
DA:4,0
DA:5,0
DA:6,0
DA:7,0
DA:8,0
DA:9,0
DA:10,0
DA:11,0
DA:12,0
DA:13,0
LF:13
LH:0
BRDA:1,0,0,0
BRF:1
BRH:0
end_of_record
TN:
SF:src\services\Orphanage\ShowOrphanageService.ts
FN:1,(empty-report)
FNF:1
FNH:0
FNDA:0,(empty-report)
DA:1,0
DA:2,0
DA:3,0
DA:4,0
DA:5,0
DA:6,0
DA:7,0
DA:8,0
DA:9,0
DA:10,0
DA:11,0
DA:12,0
DA:13,0
DA:14,0
DA:15,0
DA:16,0
DA:17,0
DA:18,0
DA:19,0
DA:20,0
DA:21,0
DA:22,0
DA:23,0
LF:23
LH:0
BRDA:1,0,0,0
BRF:1
BRH:0
end_of_record
