TN:
SF:src\services\Orphanage\CreateOrphanageService.ts
FN:54,Object.<anonymous>
FN:54,Object.<anonymous>.__awaiter
FN:54,adopt
FN:54,fulfilled
FN:54,rejected
FN:54,step
FN:54,Object.<anonymous>.__generator
FN:54,sent
FN:54,g.<computed>
FN:54,verb
FN:54,step
FN:20,CreateOrphanageService
FN:22,Object.<anonymous>.CreateOrphanageService.execute
FNF:13
FNH:11
FNDA:2,Object.<anonymous>
FNDA:5,Object.<anonymous>.__awaiter
FNDA:9,adopt
FNDA:9,fulfilled
FNDA:0,rejected
FNDA:13,step
FNDA:5,Object.<anonymous>.__generator
FNDA:9,sent
FNDA:0,g.<computed>
FNDA:15,verb
FNDA:14,step
FNDA:3,CreateOrphanageService
FNDA:5,Object.<anonymous>.CreateOrphanageService.execute
DA:1,1
DA:2,1
DA:3,1
DA:4,1
DA:5,1
DA:6,1
DA:7,1
DA:8,1
DA:9,1
DA:10,1
DA:11,1
DA:12,1
DA:13,1
DA:14,1
DA:15,1
DA:16,1
DA:17,1
DA:18,1
DA:19,2
DA:20,2
DA:21,2
DA:22,2
DA:23,5
DA:24,5
DA:25,5
DA:26,5
DA:27,5
DA:28,5
DA:29,5
DA:30,5
DA:31,5
DA:32,5
DA:33,5
DA:34,5
DA:35,5
DA:36,5
DA:37,1
DA:38,1
DA:39,4
DA:40,4
DA:41,4
DA:42,4
DA:43,4
DA:44,4
DA:45,4
DA:46,4
DA:47,4
DA:48,4
DA:49,4
DA:50,5
DA:51,5
DA:52,2
DA:53,1
DA:54,1
LF:54
LH:54
BRDA:54,0,0,2
BRDA:54,1,0,2
BRDA:54,2,0,5
BRDA:54,3,0,9
BRDA:54,4,0,0
BRDA:54,5,0,5
BRDA:54,6,0,9
BRDA:54,7,0,8
BRDA:54,8,0,1
BRDA:54,9,0,13
BRDA:54,10,0,4
BRDA:54,11,0,9
BRDA:54,12,0,5
BRDA:54,13,0,9
BRDA:54,14,0,0
BRDA:54,15,0,15
BRDA:54,16,0,14
BRDA:54,17,0,14
BRDA:54,18,0,0
BRDA:54,19,0,28
BRDA:54,20,0,0
BRDA:54,21,0,0
BRDA:54,22,0,0
BRDA:54,23,0,0
BRDA:54,24,0,14
BRDA:54,25,0,14
BRDA:54,26,0,9
BRDA:54,27,0,0
BRDA:54,28,0,0
BRDA:54,29,0,5
BRDA:54,30,0,0
BRDA:54,31,0,4
BRDA:54,32,0,0
BRDA:54,33,0,0
BRDA:54,34,0,0
BRDA:54,35,0,0
BRDA:54,36,0,22
BRDA:54,37,0,14
BRDA:54,38,0,13
BRDA:54,39,0,1
BRDA:54,40,0,14
BRDA:54,41,0,5
BRDA:54,42,0,1
BRDA:54,43,0,4
BRDA:54,44,0,0
BRDA:19,45,0,2
BRDA:20,46,0,3
BRDA:22,47,0,5
BRDA:54,48,0,5
BRDA:54,49,0,14
BRDA:32,50,0,5
BRDA:54,51,0,5
BRDA:36,52,0,1
BRDA:38,53,0,4
BRDA:54,54,0,4
BRF:55
BRH:40
end_of_record
TN:
SF:src\services\Orphanage\ListOrphanagesService.ts
FN:13,Object.<anonymous>
FN:13,Object.<anonymous>.__awaiter
FN:13,adopt
FN:13,fulfilled
FN:13,rejected
FN:13,step
FN:13,Object.<anonymous>.__generator
FN:13,sent
FN:13,g.<computed>
FN:13,verb
FN:13,step
FN:5,CreateOrphanageService
FN:7,Object.<anonymous>.CreateOrphanageService.execute
FNF:13
FNH:11
FNDA:1,Object.<anonymous>
FNDA:1,Object.<anonymous>.__awaiter
FNDA:1,adopt
FNDA:1,fulfilled
FNDA:0,rejected
FNDA:2,step
FNDA:1,Object.<anonymous>.__generator
FNDA:1,sent
FNDA:0,g.<computed>
FNDA:3,verb
FNDA:2,step
FNDA:1,CreateOrphanageService
FNDA:1,Object.<anonymous>.CreateOrphanageService.execute
DA:1,1
DA:2,1
DA:3,1
DA:4,1
DA:5,1
DA:6,1
DA:7,1
DA:8,1
DA:9,1
DA:10,1
DA:11,1
DA:12,1
DA:13,1
LF:13
LH:13
BRDA:13,0,0,1
BRDA:13,1,0,1
BRDA:13,2,0,1
BRDA:13,3,0,1
BRDA:13,4,0,0
BRDA:13,5,0,1
BRDA:13,6,0,1
BRDA:13,7,0,0
BRDA:13,8,0,2
BRDA:13,9,0,1
BRDA:13,10,0,1
BRDA:13,11,0,1
BRDA:13,12,0,1
BRDA:13,13,0,0
BRDA:13,14,0,3
BRDA:13,15,0,2
BRDA:13,16,0,2
BRDA:13,17,0,0
BRDA:13,18,0,4
BRDA:13,19,0,0
BRDA:13,20,0,0
BRDA:13,21,0,0
BRDA:13,22,0,0
BRDA:13,23,0,2
BRDA:13,24,0,2
BRDA:13,25,0,1
BRDA:13,26,0,0
BRDA:13,27,0,0
BRDA:13,28,0,1
BRDA:13,29,0,0
BRDA:13,30,0,0
BRDA:13,31,0,0
BRDA:13,32,0,0
BRDA:13,33,0,0
BRDA:13,34,0,2
BRDA:13,35,0,0
BRDA:13,36,0,2
BRDA:13,37,0,1
BRDA:13,38,0,0
BRDA:13,39,0,1
BRDA:13,40,0,0
BRDA:4,41,0,1
BRDA:5,42,0,1
BRDA:7,43,0,1
BRDA:13,44,0,1
BRDA:13,45,0,2
BRDA:8,46,0,1
BRDA:13,47,0,1
BRF:48
BRH:30
end_of_record
TN:
SF:src\services\Orphanage\ShowOrphanageService.ts
FN:1,(empty-report)
FNF:1
FNH:0
FNDA:0,(empty-report)
DA:1,0
DA:2,0
DA:3,0
DA:4,0
DA:5,0
DA:6,0
DA:7,0
DA:8,0
DA:9,0
DA:10,0
DA:11,0
DA:12,0
DA:13,0
DA:14,0
DA:15,0
DA:16,0
DA:17,0
DA:18,0
DA:19,0
DA:20,0
DA:21,0
DA:22,0
DA:23,0
LF:23
LH:0
BRDA:1,0,0,0
BRF:1
BRH:0
end_of_record
